Unable to init server: Could not connect: Connection refused
Unable to init server: Could not connect: Connection refused
Unable to init server: Could not connect: Connection refused
Unable to init server: Could not connect: Connection refused
Unable to init server: Could not connect: Connection refused
Unable to init server: Could not connect: Connection refused
Unable to init server: Could not connect: Connection refused

(DataCollector_Deterministic.py:3816189): Gdk-CRITICAL **: 08:14:12.173: gdk_cursor_new_for_display: assertion 'GDK_IS_DISPLAY (display)' failed
Unable to init server: Could not connect: Connection refused
Unable to init server: Could not connect: Connection refused
Unable to init server: Could not connect: Connection refused
Unable to init server: Could not connect: Connection refused
Unable to init server: Could not connect: Connection refused
Unable to init server: Could not connect: Connection refused
Unable to init server: Could not connect: Connection refused

(DataCollector_Deterministic.py:3816169): Gdk-CRITICAL **: 08:14:12.354: gdk_cursor_new_for_display: assertion 'GDK_IS_DISPLAY (display)' failed
Unable to init server: Could not connect: Connection refused

(DataCollector_Deterministic.py:3816269): Gdk-CRITICAL **: 08:14:12.370: gdk_cursor_new_for_display: assertion 'GDK_IS_DISPLAY (display)' failed
Unable to init server: Could not connect: Connection refused

(DataCollector_Deterministic.py:3816185): Gdk-CRITICAL **: 08:14:12.374: gdk_cursor_new_for_display: assertion 'GDK_IS_DISPLAY (display)' failed
Unable to init server: Could not connect: Connection refused

(DataCollector_Deterministic.py:3816267): Gdk-CRITICAL **: 08:14:12.398: gdk_cursor_new_for_display: assertion 'GDK_IS_DISPLAY (display)' failed
Unable to init server: Could not connect: Connection refused

(DataCollector_Deterministic.py:3816201): Gdk-CRITICAL **: 08:14:12.403: gdk_cursor_new_for_display: assertion 'GDK_IS_DISPLAY (display)' failed
Unable to init server: Could not connect: Connection refused

(DataCollector_Deterministic.py:3816109): Gdk-CRITICAL **: 08:14:12.410: gdk_cursor_new_for_display: assertion 'GDK_IS_DISPLAY (display)' failed
Unable to init server: Could not connect: Connection refused

(DataCollector_Deterministic.py:3816270): Gdk-CRITICAL **: 08:14:12.414: gdk_cursor_new_for_display: assertion 'GDK_IS_DISPLAY (display)' failed
Unable to init server: Could not connect: Connection refused

(DataCollector_Deterministic.py:3816151): Gdk-CRITICAL **: 08:14:12.418: gdk_cursor_new_for_display: assertion 'GDK_IS_DISPLAY (display)' failed
Unable to init server: Could not connect: Connection refused

(DataCollector_Deterministic.py:3816153): Gdk-CRITICAL **: 08:14:12.431: gdk_cursor_new_for_display: assertion 'GDK_IS_DISPLAY (display)' failed
Unable to init server: Could not connect: Connection refused
Unable to init server: Could not connect: Connection refused
Unable to init server: Could not connect: Connection refused

(DataCollector_Deterministic.py:3816167): Gdk-CRITICAL **: 08:14:12.567: gdk_cursor_new_for_display: assertion 'GDK_IS_DISPLAY (display)' failed
Unable to init server: Could not connect: Connection refused
Unable to init server: Could not connect: Connection refused
Unable to init server: Could not connect: Connection refused

(DataCollector_Deterministic.py:3816187): Gdk-CRITICAL **: 08:14:12.749: gdk_cursor_new_for_display: assertion 'GDK_IS_DISPLAY (display)' failed
Unable to init server: Could not connect: Connection refused
Unable to init server: Could not connect: Connection refused

(DataCollector_Deterministic.py:3816259): Gdk-CRITICAL **: 08:14:12.801: gdk_cursor_new_for_display: assertion 'GDK_IS_DISPLAY (display)' failed
Unable to init server: Could not connect: Connection refused
Unable to init server: Could not connect: Connection refused

(DataCollector_Deterministic.py:3816263): Gdk-CRITICAL **: 08:14:12.906: gdk_cursor_new_for_display: assertion 'GDK_IS_DISPLAY (display)' failed
Unable to init server: Could not connect: Connection refused
Unable to init server: Could not connect: Connection refused

(DataCollector_Deterministic.py:3816271): Gdk-CRITICAL **: 08:14:13.016: gdk_cursor_new_for_display: assertion 'GDK_IS_DISPLAY (display)' failed
Unable to init server: Could not connect: Connection refused

(DataCollector_Deterministic.py:3816272): Gdk-CRITICAL **: 08:14:13.057: gdk_cursor_new_for_display: assertion 'GDK_IS_DISPLAY (display)' failed
Unable to init server: Could not connect: Connection refused

(DataCollector_Deterministic.py:3816149): Gdk-CRITICAL **: 08:14:13.068: gdk_cursor_new_for_display: assertion 'GDK_IS_DISPLAY (display)' failed
Unable to init server: Could not connect: Connection refused

(DataCollector_Deterministic.py:3816260): Gdk-CRITICAL **: 08:14:13.299: gdk_cursor_new_for_display: assertion 'GDK_IS_DISPLAY (display)' failed
Unable to init server: Could not connect: Connection refused
Unable to init server: Could not connect: Connection refused

(DataCollector_Deterministic.py:3816262): Gdk-CRITICAL **: 08:14:13.760: gdk_cursor_new_for_display: assertion 'GDK_IS_DISPLAY (display)' failed
Traceback (most recent call last):
  File "/usr/lib/python3.8/runpy.py", line 194, in _run_module_as_main
    return _run_code(code, main_globals, None,
  File "/usr/lib/python3.8/runpy.py", line 87, in _run_code
    exec(code, run_globals)
  File "/home/s1932078/Documents/MPhys_Project/SRI/src/data_extraction/DataCollector_Deterministic.py", line 24, in <module>
    execute = SIR(config_file=config_file_path)
  File "/home/s1932078/Documents/MPhys_Project/SRI/src/simulation/SIR_system.py", line 101, in __init__
    self.all_current_nbs = self.network_matrix()
  File "/home/s1932078/Documents/MPhys_Project/SRI/src/simulation/SIR_system.py", line 124, in network_matrix
    sparse = nx.to_scipy_sparse_array(self.G, format='csr')
  File "/home/s1932078/.local/lib/python3.8/site-packages/networkx/convert_matrix.py", line 593, in to_scipy_sparse_array
    A = sp.sparse.coo_array((d, (r, c)), shape=(nlen, nlen), dtype=dtype)
AttributeError: module 'scipy.sparse' has no attribute 'coo_array'
Initalising...
Traceback (most recent call last):
  File "/usr/lib/python3.8/runpy.py", line 194, in _run_module_as_main
    return _run_code(code, main_globals, None,
  File "/usr/lib/python3.8/runpy.py", line 87, in _run_code
    exec(code, run_globals)
  File "/home/s1932078/Documents/MPhys_Project/SRI/src/data_extraction/DataCollector_Deterministic.py", line 24, in <module>
    execute = SIR(config_file=config_file_path)
  File "/home/s1932078/Documents/MPhys_Project/SRI/src/simulation/SIR_system.py", line 101, in __init__
    self.all_current_nbs = self.network_matrix()
  File "/home/s1932078/Documents/MPhys_Project/SRI/src/simulation/SIR_system.py", line 124, in network_matrix
    sparse = nx.to_scipy_sparse_array(self.G, format='csr')
  File "/home/s1932078/.local/lib/python3.8/site-packages/networkx/convert_matrix.py", line 593, in to_scipy_sparse_array
    A = sp.sparse.coo_array((d, (r, c)), shape=(nlen, nlen), dtype=dtype)
AttributeError: module 'scipy.sparse' has no attribute 'coo_array'
Initalising...
Traceback (most recent call last):
  File "/usr/lib/python3.8/runpy.py", line 194, in _run_module_as_main
    return _run_code(code, main_globals, None,
  File "/usr/lib/python3.8/runpy.py", line 87, in _run_code
    exec(code, run_globals)
  File "/home/s1932078/Documents/MPhys_Project/SRI/src/data_extraction/DataCollector_Deterministic.py", line 24, in <module>
    execute = SIR(config_file=config_file_path)
  File "/home/s1932078/Documents/MPhys_Project/SRI/src/simulation/SIR_system.py", line 101, in __init__
    self.all_current_nbs = self.network_matrix()
  File "/home/s1932078/Documents/MPhys_Project/SRI/src/simulation/SIR_system.py", line 124, in network_matrix
    sparse = nx.to_scipy_sparse_array(self.G, format='csr')
  File "/home/s1932078/.local/lib/python3.8/site-packages/networkx/convert_matrix.py", line 593, in to_scipy_sparse_array
    A = sp.sparse.coo_array((d, (r, c)), shape=(nlen, nlen), dtype=dtype)
AttributeError: module 'scipy.sparse' has no attribute 'coo_array'
Initalising...
Traceback (most recent call last):
  File "/usr/lib/python3.8/runpy.py", line 194, in _run_module_as_main
    return _run_code(code, main_globals, None,
  File "/usr/lib/python3.8/runpy.py", line 87, in _run_code
    exec(code, run_globals)
  File "/home/s1932078/Documents/MPhys_Project/SRI/src/data_extraction/DataCollector_Deterministic.py", line 24, in <module>
    execute = SIR(config_file=config_file_path)
  File "/home/s1932078/Documents/MPhys_Project/SRI/src/simulation/SIR_system.py", line 101, in __init__
    self.all_current_nbs = self.network_matrix()
  File "/home/s1932078/Documents/MPhys_Project/SRI/src/simulation/SIR_system.py", line 124, in network_matrix
    sparse = nx.to_scipy_sparse_array(self.G, format='csr')
  File "/home/s1932078/.local/lib/python3.8/site-packages/networkx/convert_matrix.py", line 593, in to_scipy_sparse_array
    A = sp.sparse.coo_array((d, (r, c)), shape=(nlen, nlen), dtype=dtype)
AttributeError: module 'scipy.sparse' has no attribute 'coo_array'
Initalising...
Traceback (most recent call last):
  File "/usr/lib/python3.8/runpy.py", line 194, in _run_module_as_main
    return _run_code(code, main_globals, None,
  File "/usr/lib/python3.8/runpy.py", line 87, in _run_code
    exec(code, run_globals)
  File "/home/s1932078/Documents/MPhys_Project/SRI/src/data_extraction/DataCollector_Deterministic.py", line 24, in <module>
    execute = SIR(config_file=config_file_path)
  File "/home/s1932078/Documents/MPhys_Project/SRI/src/simulation/SIR_system.py", line 101, in __init__
    self.all_current_nbs = self.network_matrix()
  File "/home/s1932078/Documents/MPhys_Project/SRI/src/simulation/SIR_system.py", line 124, in network_matrix
    sparse = nx.to_scipy_sparse_array(self.G, format='csr')
  File "/home/s1932078/.local/lib/python3.8/site-packages/networkx/convert_matrix.py", line 593, in to_scipy_sparse_array
    A = sp.sparse.coo_array((d, (r, c)), shape=(nlen, nlen), dtype=dtype)
AttributeError: module 'scipy.sparse' has no attribute 'coo_array'
Initalising...
Traceback (most recent call last):
  File "/usr/lib/python3.8/runpy.py", line 194, in _run_module_as_main
    return _run_code(code, main_globals, None,
  File "/usr/lib/python3.8/runpy.py", line 87, in _run_code
    exec(code, run_globals)
  File "/home/s1932078/Documents/MPhys_Project/SRI/src/data_extraction/DataCollector_Deterministic.py", line 24, in <module>
    execute = SIR(config_file=config_file_path)
  File "/home/s1932078/Documents/MPhys_Project/SRI/src/simulation/SIR_system.py", line 101, in __init__
    self.all_current_nbs = self.network_matrix()
  File "/home/s1932078/Documents/MPhys_Project/SRI/src/simulation/SIR_system.py", line 124, in network_matrix
    sparse = nx.to_scipy_sparse_array(self.G, format='csr')
  File "/home/s1932078/.local/lib/python3.8/site-packages/networkx/convert_matrix.py", line 593, in to_scipy_sparse_array
    A = sp.sparse.coo_array((d, (r, c)), shape=(nlen, nlen), dtype=dtype)
AttributeError: module 'scipy.sparse' has no attribute 'coo_array'
Initalising...
Traceback (most recent call last):
  File "/usr/lib/python3.8/runpy.py", line 194, in _run_module_as_main
    return _run_code(code, main_globals, None,
  File "/usr/lib/python3.8/runpy.py", line 87, in _run_code
    exec(code, run_globals)
  File "/home/s1932078/Documents/MPhys_Project/SRI/src/data_extraction/DataCollector_Deterministic.py", line 24, in <module>
    execute = SIR(config_file=config_file_path)
  File "/home/s1932078/Documents/MPhys_Project/SRI/src/simulation/SIR_system.py", line 101, in __init__
    self.all_current_nbs = self.network_matrix()
  File "/home/s1932078/Documents/MPhys_Project/SRI/src/simulation/SIR_system.py", line 124, in network_matrix
    sparse = nx.to_scipy_sparse_array(self.G, format='csr')
  File "/home/s1932078/.local/lib/python3.8/site-packages/networkx/convert_matrix.py", line 593, in to_scipy_sparse_array
    A = sp.sparse.coo_array((d, (r, c)), shape=(nlen, nlen), dtype=dtype)
AttributeError: module 'scipy.sparse' has no attribute 'coo_array'
Initalising...
Traceback (most recent call last):
  File "/usr/lib/python3.8/runpy.py", line 194, in _run_module_as_main
    return _run_code(code, main_globals, None,
  File "/usr/lib/python3.8/runpy.py", line 87, in _run_code
    exec(code, run_globals)
  File "/home/s1932078/Documents/MPhys_Project/SRI/src/data_extraction/DataCollector_Deterministic.py", line 24, in <module>
    execute = SIR(config_file=config_file_path)
  File "/home/s1932078/Documents/MPhys_Project/SRI/src/simulation/SIR_system.py", line 101, in __init__
    self.all_current_nbs = self.network_matrix()
  File "/home/s1932078/Documents/MPhys_Project/SRI/src/simulation/SIR_system.py", line 124, in network_matrix
    sparse = nx.to_scipy_sparse_array(self.G, format='csr')
  File "/home/s1932078/.local/lib/python3.8/site-packages/networkx/convert_matrix.py", line 593, in to_scipy_sparse_array
    A = sp.sparse.coo_array((d, (r, c)), shape=(nlen, nlen), dtype=dtype)
AttributeError: module 'scipy.sparse' has no attribute 'coo_array'
Initalising...
Traceback (most recent call last):
  File "/usr/lib/python3.8/runpy.py", line 194, in _run_module_as_main
    return _run_code(code, main_globals, None,
  File "/usr/lib/python3.8/runpy.py", line 87, in _run_code
    exec(code, run_globals)
  File "/home/s1932078/Documents/MPhys_Project/SRI/src/data_extraction/DataCollector_Deterministic.py", line 24, in <module>
    execute = SIR(config_file=config_file_path)
  File "/home/s1932078/Documents/MPhys_Project/SRI/src/simulation/SIR_system.py", line 101, in __init__
    self.all_current_nbs = self.network_matrix()
  File "/home/s1932078/Documents/MPhys_Project/SRI/src/simulation/SIR_system.py", line 124, in network_matrix
    sparse = nx.to_scipy_sparse_array(self.G, format='csr')
  File "/home/s1932078/.local/lib/python3.8/site-packages/networkx/convert_matrix.py", line 593, in to_scipy_sparse_array
    A = sp.sparse.coo_array((d, (r, c)), shape=(nlen, nlen), dtype=dtype)
AttributeError: module 'scipy.sparse' has no attribute 'coo_array'
Initalising...
High 1 0
Done
slurmstepd-phcompute025: error: Detected 91 oom-kill event(s) in StepId=824515.batch. Some of your processes may have been killed by the cgroup out-of-memory handler.
