/usr/bin/python: Error while finding module specification for 'src.data_extraction.DataCollector_Deterministic' (ModuleNotFoundError: No module named 'src')
/usr/bin/python: Error while finding module specification for 'src.data_extraction.DataCollector_Deterministic' (ModuleNotFoundError: No module named 'src')
/usr/bin/python: Error while finding module specification for 'src.data_extraction.DataCollector_Deterministic' (ModuleNotFoundError: No module named 'src')
/usr/bin/python: Error while finding module specification for 'src.data_extraction.DataCollector_Deterministic' (ModuleNotFoundError: No module named 'src')
/usr/bin/python: Error while finding module specification for 'src.data_extraction.DataCollector_Deterministic' (ModuleNotFoundError: No module named 'src')
/usr/bin/python: Error while finding module specification for 'src.data_extraction.DataCollector_Deterministic' (ModuleNotFoundError: No module named 'src')
/usr/bin/python: Error while finding module specification for 'src.data_extraction.DataCollector_Deterministic' (ModuleNotFoundError: No module named 'src')
/usr/bin/python: Error while finding module specification for 'src.data_extraction.DataCollector_Deterministic' (ModuleNotFoundError: No module named 'src')
/usr/bin/python: Error while finding module specification for 'src.data_extraction.DataCollector_Deterministic' (ModuleNotFoundError: No module named 'src')
/usr/bin/python: Error while finding module specification for 'src.data_extraction.DataCollector_Deterministic' (ModuleNotFoundError: No module named 'src')
/usr/bin/python: Error while finding module specification for 'src.data_extraction.DataCollector_Deterministic' (ModuleNotFoundError: No module named 'src')
/usr/bin/python: Error while finding module specification for 'src.data_extraction.DataCollector_Deterministic' (ModuleNotFoundError: No module named 'src')
/usr/bin/python: Error while finding module specification for 'src.data_extraction.DataCollector_Deterministic' (ModuleNotFoundError: No module named 'src')
/usr/bin/python: Error while finding module specification for 'src.data_extraction.DataCollector_Deterministic' (ModuleNotFoundError: No module named 'src')
/usr/bin/python: Error while finding module specification for 'src.data_extraction.DataCollector_Deterministic' (ModuleNotFoundError: No module named 'src')
/usr/bin/python: Error while finding module specification for 'src.data_extraction.DataCollector_Deterministic' (ModuleNotFoundError: No module named 'src')
/usr/bin/python: Error while finding module specification for 'src.data_extraction.DataCollector_Deterministic' (ModuleNotFoundError: No module named 'src')
/usr/bin/python: Error while finding module specification for 'src.data_extraction.DataCollector_Deterministic' (ModuleNotFoundError: No module named 'src')
/usr/bin/python: Error while finding module specification for 'src.data_extraction.DataCollector_Deterministic' (ModuleNotFoundError: No module named 'src')
/usr/bin/python: Error while finding module specification for 'src.data_extraction.DataCollector_Deterministic' (ModuleNotFoundError: No module named 'src')
Traceback (most recent call last):
  File "<frozen importlib._bootstrap_external>", line 1346, in _path_importer_cache
KeyError: 'src'

During handling of the above exception, another exception occurred:

Traceback (most recent call last):
  File "src/parallel-Contours-Batch.py", line 1, in <module>
    import subprocess
  File "<frozen importlib._bootstrap>", line 991, in _find_and_load
  File "<frozen importlib._bootstrap>", line 971, in _find_and_load_unlocked
  File "<frozen importlib._bootstrap>", line 914, in _find_spec
  File "<frozen importlib._bootstrap_external>", line 1407, in find_spec
  File "<frozen importlib._bootstrap_external>", line 1376, in _get_spec
  File "<frozen importlib._bootstrap_external>", line 1348, in _path_importer_cache
  File "<frozen importlib._bootstrap_external>", line 1324, in _path_hooks
  File "<frozen importlib._bootstrap_external>", line 1594, in path_hook_for_FileFinder
  File "<frozen importlib._bootstrap_external>", line 1470, in __init__
FileNotFoundError: [Errno 2] No such file or directory
Traceback (most recent call last):
  File "<frozen importlib._bootstrap_external>", line 1346, in _path_importer_cache
KeyError: 'src'

During handling of the above exception, another exception occurred:

Traceback (most recent call last):
  File "src/parallel-Contours-Batch.py", line 1, in <module>
    import subprocess
  File "<frozen importlib._bootstrap>", line 991, in _find_and_load
  File "<frozen importlib._bootstrap>", line 971, in _find_and_load_unlocked
  File "<frozen importlib._bootstrap>", line 914, in _find_spec
  File "<frozen importlib._bootstrap_external>", line 1407, in find_spec
  File "<frozen importlib._bootstrap_external>", line 1376, in _get_spec
  File "<frozen importlib._bootstrap_external>", line 1348, in _path_importer_cache
  File "<frozen importlib._bootstrap_external>", line 1324, in _path_hooks
  File "<frozen importlib._bootstrap_external>", line 1594, in path_hook_for_FileFinder
  File "<frozen importlib._bootstrap_external>", line 1470, in __init__
FileNotFoundError: [Errno 2] No such file or directory
Traceback (most recent call last):
  File "<frozen importlib._bootstrap_external>", line 1346, in _path_importer_cache
KeyError: 'src'

During handling of the above exception, another exception occurred:

Traceback (most recent call last):
  File "src/parallel-Contours-Batch.py", line 1, in <module>
    import subprocess
  File "<frozen importlib._bootstrap>", line 991, in _find_and_load
  File "<frozen importlib._bootstrap>", line 971, in _find_and_load_unlocked
  File "<frozen importlib._bootstrap>", line 914, in _find_spec
  File "<frozen importlib._bootstrap_external>", line 1407, in find_spec
  File "<frozen importlib._bootstrap_external>", line 1376, in _get_spec
  File "<frozen importlib._bootstrap_external>", line 1348, in _path_importer_cache
  File "<frozen importlib._bootstrap_external>", line 1324, in _path_hooks
  File "<frozen importlib._bootstrap_external>", line 1594, in path_hook_for_FileFinder
  File "<frozen importlib._bootstrap_external>", line 1470, in __init__
FileNotFoundError: [Errno 2] No such file or directory
Traceback (most recent call last):
  File "<frozen importlib._bootstrap_external>", line 1346, in _path_importer_cache
KeyError: 'src'

During handling of the above exception, another exception occurred:

Traceback (most recent call last):
  File "src/parallel-Contours-Batch.py", line 1, in <module>
    import subprocess
  File "<frozen importlib._bootstrap>", line 991, in _find_and_load
  File "<frozen importlib._bootstrap>", line 971, in _find_and_load_unlocked
  File "<frozen importlib._bootstrap>", line 914, in _find_spec
  File "<frozen importlib._bootstrap_external>", line 1407, in find_spec
  File "<frozen importlib._bootstrap_external>", line 1376, in _get_spec
  File "<frozen importlib._bootstrap_external>", line 1348, in _path_importer_cache
  File "<frozen importlib._bootstrap_external>", line 1324, in _path_hooks
  File "<frozen importlib._bootstrap_external>", line 1594, in path_hook_for_FileFinder
  File "<frozen importlib._bootstrap_external>", line 1470, in __init__
FileNotFoundError: [Errno 2] No such file or directory
Traceback (most recent call last):
  File "<frozen importlib._bootstrap_external>", line 1346, in _path_importer_cache
KeyError: 'src'

During handling of the above exception, another exception occurred:

Traceback (most recent call last):
  File "src/parallel-Contours-Batch.py", line 1, in <module>
    import subprocess
  File "<frozen importlib._bootstrap>", line 991, in _find_and_load
  File "<frozen importlib._bootstrap>", line 971, in _find_and_load_unlocked
  File "<frozen importlib._bootstrap>", line 914, in _find_spec
  File "<frozen importlib._bootstrap_external>", line 1407, in find_spec
  File "<frozen importlib._bootstrap_external>", line 1376, in _get_spec
  File "<frozen importlib._bootstrap_external>", line 1348, in _path_importer_cache
  File "<frozen importlib._bootstrap_external>", line 1324, in _path_hooks
  File "<frozen importlib._bootstrap_external>", line 1594, in path_hook_for_FileFinder
  File "<frozen importlib._bootstrap_external>", line 1470, in __init__
FileNotFoundError: [Errno 2] No such file or directory
Traceback (most recent call last):
  File "<frozen importlib._bootstrap_external>", line 1346, in _path_importer_cache
KeyError: 'src'

During handling of the above exception, another exception occurred:

Traceback (most recent call last):
  File "src/parallel-Contours-Batch.py", line 1, in <module>
    import subprocess
  File "<frozen importlib._bootstrap>", line 991, in _find_and_load
  File "<frozen importlib._bootstrap>", line 971, in _find_and_load_unlocked
  File "<frozen importlib._bootstrap>", line 914, in _find_spec
  File "<frozen importlib._bootstrap_external>", line 1407, in find_spec
  File "<frozen importlib._bootstrap_external>", line 1376, in _get_spec
  File "<frozen importlib._bootstrap_external>", line 1348, in _path_importer_cache
  File "<frozen importlib._bootstrap_external>", line 1324, in _path_hooks
  File "<frozen importlib._bootstrap_external>", line 1594, in path_hook_for_FileFinder
  File "<frozen importlib._bootstrap_external>", line 1470, in __init__
FileNotFoundError: [Errno 2] No such file or directory
Traceback (most recent call last):
  File "<frozen importlib._bootstrap_external>", line 1346, in _path_importer_cache
KeyError: 'src'

During handling of the above exception, another exception occurred:

Traceback (most recent call last):
  File "src/parallel-Contours-Batch.py", line 1, in <module>
    import subprocess
  File "<frozen importlib._bootstrap>", line 991, in _find_and_load
  File "<frozen importlib._bootstrap>", line 971, in _find_and_load_unlocked
  File "<frozen importlib._bootstrap>", line 914, in _find_spec
  File "<frozen importlib._bootstrap_external>", line 1407, in find_spec
  File "<frozen importlib._bootstrap_external>", line 1376, in _get_spec
  File "<frozen importlib._bootstrap_external>", line 1348, in _path_importer_cache
  File "<frozen importlib._bootstrap_external>", line 1324, in _path_hooks
  File "<frozen importlib._bootstrap_external>", line 1594, in path_hook_for_FileFinder
  File "<frozen importlib._bootstrap_external>", line 1470, in __init__
FileNotFoundError: [Errno 2] No such file or directory
Traceback (most recent call last):
  File "<frozen importlib._bootstrap_external>", line 1346, in _path_importer_cache
KeyError: 'src'

During handling of the above exception, another exception occurred:

Traceback (most recent call last):
  File "src/parallel-Contours-Batch.py", line 1, in <module>
    import subprocess
  File "<frozen importlib._bootstrap>", line 991, in _find_and_load
  File "<frozen importlib._bootstrap>", line 971, in _find_and_load_unlocked
  File "<frozen importlib._bootstrap>", line 914, in _find_spec
  File "<frozen importlib._bootstrap_external>", line 1407, in find_spec
  File "<frozen importlib._bootstrap_external>", line 1376, in _get_spec
  File "<frozen importlib._bootstrap_external>", line 1348, in _path_importer_cache
  File "<frozen importlib._bootstrap_external>", line 1324, in _path_hooks
  File "<frozen importlib._bootstrap_external>", line 1594, in path_hook_for_FileFinder
  File "<frozen importlib._bootstrap_external>", line 1470, in __init__
FileNotFoundError: [Errno 2] No such file or directory
Error in sys.excepthook:
Traceback (most recent call last):
  File "<frozen importlib._bootstrap_external>", line 1346, in _path_importer_cache
KeyError: 'src'

During handling of the above exception, another exception occurred:

Traceback (most recent call last):
  File "/usr/lib/python3/dist-packages/apport_python_hook.py", line 55, in apport_excepthook
    import apt_pkg
  File "<frozen importlib._bootstrap>", line 991, in _find_and_load
  File "<frozen importlib._bootstrap>", line 971, in _find_and_load_unlocked
  File "<frozen importlib._bootstrap>", line 914, in _find_spec
  File "<frozen importlib._bootstrap_external>", line 1407, in find_spec
  File "<frozen importlib._bootstrap_external>", line 1376, in _get_spec
  File "<frozen importlib._bootstrap_external>", line 1348, in _path_importer_cache
  File "<frozen importlib._bootstrap_external>", line 1324, in _path_hooks
  File "<frozen importlib._bootstrap_external>", line 1594, in path_hook_for_FileFinder
  File "<frozen importlib._bootstrap_external>", line 1470, in __init__
FileNotFoundError: [Errno 2] No such file or directory
Error in sys.excepthook:
Traceback (most recent call last):
  File "<frozen importlib._bootstrap_external>", line 1346, in _path_importer_cache
KeyError: 'src'

During handling of the above exception, another exception occurred:

Traceback (most recent call last):
  File "/usr/lib/python3/dist-packages/apport_python_hook.py", line 55, in apport_excepthook
    import apt_pkg
  File "<frozen importlib._bootstrap>", line 991, in _find_and_load
  File "<frozen importlib._bootstrap>", line 971, in _find_and_load_unlocked
  File "<frozen importlib._bootstrap>", line 914, in _find_spec
  File "<frozen importlib._bootstrap_external>", line 1407, in find_spec
  File "<frozen importlib._bootstrap_external>", line 1376, in _get_spec
  File "<frozen importlib._bootstrap_external>", line 1348, in _path_importer_cache
  File "<frozen importlib._bootstrap_external>", line 1324, in _path_hooks
  File "<frozen importlib._bootstrap_external>", line 1594, in path_hook_for_FileFinder
  File "<frozen importlib._bootstrap_external>", line 1470, in __init__
FileNotFoundError: [Errno 2] No such file or directory
Error in sys.excepthook:
Traceback (most recent call last):
  File "<frozen importlib._bootstrap_external>", line 1346, in _path_importer_cache
KeyError: 'src'

During handling of the above exception, another exception occurred:

Traceback (most recent call last):
  File "/usr/lib/python3/dist-packages/apport_python_hook.py", line 55, in apport_excepthook
    import apt_pkg
  File "<frozen importlib._bootstrap>", line 991, in _find_and_load
  File "<frozen importlib._bootstrap>", line 971, in _find_and_load_unlocked
  File "<frozen importlib._bootstrap>", line 914, in _find_spec
  File "<frozen importlib._bootstrap_external>", line 1407, in find_spec
  File "<frozen importlib._bootstrap_external>", line 1376, in _get_spec
  File "<frozen importlib._bootstrap_external>", line 1348, in _path_importer_cache
  File "<frozen importlib._bootstrap_external>", line 1324, in _path_hooks
  File "<frozen importlib._bootstrap_external>", line 1594, in path_hook_for_FileFinder
  File "<frozen importlib._bootstrap_external>", line 1470, in __init__
FileNotFoundError: [Errno 2] No such file or directory
Error in sys.excepthook:
Traceback (most recent call last):
  File "<frozen importlib._bootstrap_external>", line 1346, in _path_importer_cache
KeyError: 'src'

During handling of the above exception, another exception occurred:

Traceback (most recent call last):
  File "/usr/lib/python3/dist-packages/apport_python_hook.py", line 55, in apport_excepthook
    import apt_pkg
  File "<frozen importlib._bootstrap>", line 991, in _find_and_load
  File "<frozen importlib._bootstrap>", line 971, in _find_and_load_unlocked
  File "<frozen importlib._bootstrap>", line 914, in _find_spec
  File "<frozen importlib._bootstrap_external>", line 1407, in find_spec
  File "<frozen importlib._bootstrap_external>", line 1376, in _get_spec
  File "<frozen importlib._bootstrap_external>", line 1348, in _path_importer_cache
  File "<frozen importlib._bootstrap_external>", line 1324, in _path_hooks
  File "<frozen importlib._bootstrap_external>", line 1594, in path_hook_for_FileFinder
  File "<frozen importlib._bootstrap_external>", line 1470, in __init__
FileNotFoundError: [Errno 2] No such file or directory
Error in sys.excepthook:
Traceback (most recent call last):
  File "<frozen importlib._bootstrap_external>", line 1346, in _path_importer_cache
KeyError: 'src'

During handling of the above exception, another exception occurred:

Traceback (most recent call last):
  File "/usr/lib/python3/dist-packages/apport_python_hook.py", line 55, in apport_excepthook
    import apt_pkg
  File "<frozen importlib._bootstrap>", line 991, in _find_and_load
  File "<frozen importlib._bootstrap>", line 971, in _find_and_load_unlocked
  File "<frozen importlib._bootstrap>", line 914, in _find_spec
  File "<frozen importlib._bootstrap_external>", line 1407, in find_spec
  File "<frozen importlib._bootstrap_external>", line 1376, in _get_spec
  File "<frozen importlib._bootstrap_external>", line 1348, in _path_importer_cache
  File "<frozen importlib._bootstrap_external>", line 1324, in _path_hooks
  File "<frozen importlib._bootstrap_external>", line 1594, in path_hook_for_FileFinder
  File "<frozen importlib._bootstrap_external>", line 1470, in __init__
FileNotFoundError: [Errno 2] No such file or directory
Error in sys.excepthook:
Traceback (most recent call last):
  File "<frozen importlib._bootstrap_external>", line 1346, in _path_importer_cache
KeyError: 'src'

During handling of the above exception, another exception occurred:

Traceback (most recent call last):
  File "/usr/lib/python3/dist-packages/apport_python_hook.py", line 55, in apport_excepthook
    import apt_pkg
  File "<frozen importlib._bootstrap>", line 991, in _find_and_load
  File "<frozen importlib._bootstrap>", line 971, in _find_and_load_unlocked
  File "<frozen importlib._bootstrap>", line 914, in _find_spec
  File "<frozen importlib._bootstrap_external>", line 1407, in find_spec
  File "<frozen importlib._bootstrap_external>", line 1376, in _get_spec
  File "<frozen importlib._bootstrap_external>", line 1348, in _path_importer_cache
  File "<frozen importlib._bootstrap_external>", line 1324, in _path_hooks
  File "<frozen importlib._bootstrap_external>", line 1594, in path_hook_for_FileFinder
  File "<frozen importlib._bootstrap_external>", line 1470, in __init__
FileNotFoundError: [Errno 2] No such file or directory
Error in sys.excepthook:
Traceback (most recent call last):
  File "<frozen importlib._bootstrap_external>", line 1346, in _path_importer_cache
KeyError: 'src'

During handling of the above exception, another exception occurred:

Traceback (most recent call last):
  File "/usr/lib/python3/dist-packages/apport_python_hook.py", line 55, in apport_excepthook
    import apt_pkg
  File "<frozen importlib._bootstrap>", line 991, in _find_and_load
  File "<frozen importlib._bootstrap>", line 971, in _find_and_load_unlocked
  File "<frozen importlib._bootstrap>", line 914, in _find_spec
  File "<frozen importlib._bootstrap_external>", line 1407, in find_spec
  File "<frozen importlib._bootstrap_external>", line 1376, in _get_spec
  File "<frozen importlib._bootstrap_external>", line 1348, in _path_importer_cache
  File "<frozen importlib._bootstrap_external>", line 1324, in _path_hooks
  File "<frozen importlib._bootstrap_external>", line 1594, in path_hook_for_FileFinder
  File "<frozen importlib._bootstrap_external>", line 1470, in __init__
FileNotFoundError: [Errno 2] No such file or directory
Error in sys.excepthook:
Traceback (most recent call last):
  File "<frozen importlib._bootstrap_external>", line 1346, in _path_importer_cache
KeyError: 'src'

During handling of the above exception, another exception occurred:

Traceback (most recent call last):
  File "/usr/lib/python3/dist-packages/apport_python_hook.py", line 55, in apport_excepthook
    import apt_pkg
  File "<frozen importlib._bootstrap>", line 991, in _find_and_load
  File "<frozen importlib._bootstrap>", line 971, in _find_and_load_unlocked
  File "<frozen importlib._bootstrap>", line 914, in _find_spec
  File "<frozen importlib._bootstrap_external>", line 1407, in find_spec
  File "<frozen importlib._bootstrap_external>", line 1376, in _get_spec
  File "<frozen importlib._bootstrap_external>", line 1348, in _path_importer_cache
  File "<frozen importlib._bootstrap_external>", line 1324, in _path_hooks
  File "<frozen importlib._bootstrap_external>", line 1594, in path_hook_for_FileFinder
  File "<frozen importlib._bootstrap_external>", line 1470, in __init__
FileNotFoundError: [Errno 2] No such file or directory

Original exception was:
Traceback (most recent call last):
  File "<frozen importlib._bootstrap_external>", line 1346, in _path_importer_cache
KeyError: 'src'

During handling of the above exception, another exception occurred:

Traceback (most recent call last):
  File "src/parallel-Contours-Batch.py", line 1, in <module>
    import subprocess
  File "<frozen importlib._bootstrap>", line 991, in _find_and_load
  File "<frozen importlib._bootstrap>", line 971, in _find_and_load_unlocked
  File "<frozen importlib._bootstrap>", line 914, in _find_spec
  File "<frozen importlib._bootstrap_external>", line 1407, in find_spec
  File "<frozen importlib._bootstrap_external>", line 1376, in _get_spec
  File "<frozen importlib._bootstrap_external>", line 1348, in _path_importer_cache
  File "<frozen importlib._bootstrap_external>", line 1324, in _path_hooks
  File "<frozen importlib._bootstrap_external>", line 1594, in path_hook_for_FileFinder
  File "<frozen importlib._bootstrap_external>", line 1470, in __init__
FileNotFoundError: [Errno 2] No such file or directory

Original exception was:
Traceback (most recent call last):
  File "<frozen importlib._bootstrap_external>", line 1346, in _path_importer_cache
KeyError: 'src'

During handling of the above exception, another exception occurred:

Traceback (most recent call last):
  File "src/parallel-Contours-Batch.py", line 1, in <module>
    import subprocess
  File "<frozen importlib._bootstrap>", line 991, in _find_and_load
  File "<frozen importlib._bootstrap>", line 971, in _find_and_load_unlocked
  File "<frozen importlib._bootstrap>", line 914, in _find_spec
  File "<frozen importlib._bootstrap_external>", line 1407, in find_spec
  File "<frozen importlib._bootstrap_external>", line 1376, in _get_spec
  File "<frozen importlib._bootstrap_external>", line 1348, in _path_importer_cache
  File "<frozen importlib._bootstrap_external>", line 1324, in _path_hooks
  File "<frozen importlib._bootstrap_external>", line 1594, in path_hook_for_FileFinder
  File "<frozen importlib._bootstrap_external>", line 1470, in __init__
FileNotFoundError: [Errno 2] No such file or directory

Original exception was:
Traceback (most recent call last):
  File "<frozen importlib._bootstrap_external>", line 1346, in _path_importer_cache
KeyError: 'src'

During handling of the above exception, another exception occurred:

Traceback (most recent call last):
  File "src/parallel-Contours-Batch.py", line 1, in <module>
    import subprocess
  File "<frozen importlib._bootstrap>", line 991, in _find_and_load
  File "<frozen importlib._bootstrap>", line 971, in _find_and_load_unlocked
  File "<frozen importlib._bootstrap>", line 914, in _find_spec
  File "<frozen importlib._bootstrap_external>", line 1407, in find_spec
  File "<frozen importlib._bootstrap_external>", line 1376, in _get_spec
  File "<frozen importlib._bootstrap_external>", line 1348, in _path_importer_cache
  File "<frozen importlib._bootstrap_external>", line 1324, in _path_hooks
  File "<frozen importlib._bootstrap_external>", line 1594, in path_hook_for_FileFinder
  File "<frozen importlib._bootstrap_external>", line 1470, in __init__
FileNotFoundError: [Errno 2] No such file or directory

Original exception was:
Traceback (most recent call last):
  File "<frozen importlib._bootstrap_external>", line 1346, in _path_importer_cache
KeyError: 'src'

During handling of the above exception, another exception occurred:

Traceback (most recent call last):
  File "src/parallel-Contours-Batch.py", line 1, in <module>
    import subprocess
  File "<frozen importlib._bootstrap>", line 991, in _find_and_load
  File "<frozen importlib._bootstrap>", line 971, in _find_and_load_unlocked
  File "<frozen importlib._bootstrap>", line 914, in _find_spec
  File "<frozen importlib._bootstrap_external>", line 1407, in find_spec
  File "<frozen importlib._bootstrap_external>", line 1376, in _get_spec
  File "<frozen importlib._bootstrap_external>", line 1348, in _path_importer_cache
  File "<frozen importlib._bootstrap_external>", line 1324, in _path_hooks
  File "<frozen importlib._bootstrap_external>", line 1594, in path_hook_for_FileFinder
  File "<frozen importlib._bootstrap_external>", line 1470, in __init__
FileNotFoundError: [Errno 2] No such file or directory

Original exception was:
Traceback (most recent call last):
  File "<frozen importlib._bootstrap_external>", line 1346, in _path_importer_cache
KeyError: 'src'

During handling of the above exception, another exception occurred:

Traceback (most recent call last):
  File "src/parallel-Contours-Batch.py", line 1, in <module>
    import subprocess
  File "<frozen importlib._bootstrap>", line 991, in _find_and_load
  File "<frozen importlib._bootstrap>", line 971, in _find_and_load_unlocked
  File "<frozen importlib._bootstrap>", line 914, in _find_spec
  File "<frozen importlib._bootstrap_external>", line 1407, in find_spec
  File "<frozen importlib._bootstrap_external>", line 1376, in _get_spec
  File "<frozen importlib._bootstrap_external>", line 1348, in _path_importer_cache
  File "<frozen importlib._bootstrap_external>", line 1324, in _path_hooks
  File "<frozen importlib._bootstrap_external>", line 1594, in path_hook_for_FileFinder
  File "<frozen importlib._bootstrap_external>", line 1470, in __init__
FileNotFoundError: [Errno 2] No such file or directory

Original exception was:
Traceback (most recent call last):
  File "<frozen importlib._bootstrap_external>", line 1346, in _path_importer_cache
KeyError: 'src'

During handling of the above exception, another exception occurred:

Traceback (most recent call last):
  File "src/parallel-Contours-Batch.py", line 1, in <module>
    import subprocess
  File "<frozen importlib._bootstrap>", line 991, in _find_and_load
  File "<frozen importlib._bootstrap>", line 971, in _find_and_load_unlocked
  File "<frozen importlib._bootstrap>", line 914, in _find_spec
  File "<frozen importlib._bootstrap_external>", line 1407, in find_spec
  File "<frozen importlib._bootstrap_external>", line 1376, in _get_spec
  File "<frozen importlib._bootstrap_external>", line 1348, in _path_importer_cache
  File "<frozen importlib._bootstrap_external>", line 1324, in _path_hooks
  File "<frozen importlib._bootstrap_external>", line 1594, in path_hook_for_FileFinder
  File "<frozen importlib._bootstrap_external>", line 1470, in __init__
FileNotFoundError: [Errno 2] No such file or directory

Original exception was:
Traceback (most recent call last):
  File "<frozen importlib._bootstrap_external>", line 1346, in _path_importer_cache
KeyError: 'src'

During handling of the above exception, another exception occurred:

Traceback (most recent call last):
  File "src/parallel-Contours-Batch.py", line 1, in <module>
    import subprocess
  File "<frozen importlib._bootstrap>", line 991, in _find_and_load
  File "<frozen importlib._bootstrap>", line 971, in _find_and_load_unlocked
  File "<frozen importlib._bootstrap>", line 914, in _find_spec
  File "<frozen importlib._bootstrap_external>", line 1407, in find_spec
  File "<frozen importlib._bootstrap_external>", line 1376, in _get_spec
  File "<frozen importlib._bootstrap_external>", line 1348, in _path_importer_cache
  File "<frozen importlib._bootstrap_external>", line 1324, in _path_hooks
  File "<frozen importlib._bootstrap_external>", line 1594, in path_hook_for_FileFinder
  File "<frozen importlib._bootstrap_external>", line 1470, in __init__
FileNotFoundError: [Errno 2] No such file or directory

Original exception was:
Traceback (most recent call last):
  File "<frozen importlib._bootstrap_external>", line 1346, in _path_importer_cache
KeyError: 'src'

During handling of the above exception, another exception occurred:

Traceback (most recent call last):
  File "src/parallel-Contours-Batch.py", line 1, in <module>
    import subprocess
  File "<frozen importlib._bootstrap>", line 991, in _find_and_load
  File "<frozen importlib._bootstrap>", line 971, in _find_and_load_unlocked
  File "<frozen importlib._bootstrap>", line 914, in _find_spec
  File "<frozen importlib._bootstrap_external>", line 1407, in find_spec
  File "<frozen importlib._bootstrap_external>", line 1376, in _get_spec
  File "<frozen importlib._bootstrap_external>", line 1348, in _path_importer_cache
  File "<frozen importlib._bootstrap_external>", line 1324, in _path_hooks
  File "<frozen importlib._bootstrap_external>", line 1594, in path_hook_for_FileFinder
  File "<frozen importlib._bootstrap_external>", line 1470, in __init__
FileNotFoundError: [Errno 2] No such file or directory
Low 1 2
Done
